<?xml version="1.0" encoding="UTF-8"?>
<testsuite name="ResilienceTask6Tests" tests="1" skipped="0" failures="0" errors="0" timestamp="2023-01-05T09:14:45" hostname="DESKTOP-MPOU9OU" time="0.193">
  <properties/>
  <testcase name="testSolution()" classname="ResilienceTask6Tests" time="0.193"/>
  <system-out><![CDATA[11:14:45.381 [Test worker] DEBUG reactor.util.Loggers - Using Slf4j logging framework
]]></system-out>
  <system-err><![CDATA[Thrown an error [java.lang.ArithmeticException: / by zero] on the following element [0]
]]></system-err>
</testsuite>
