<?xml version="1.0" encoding="UTF-8"?>
<testsuite name="MultipleSourcesTask6Tests" tests="1" skipped="0" failures="0" errors="0" timestamp="2023-01-05T08:59:24" hostname="DESKTOP-MPOU9OU" time="0.162">
  <properties/>
  <testcase name="testSolution()" classname="MultipleSourcesTask6Tests" time="0.162"/>
  <system-out><![CDATA[10:59:24.949 [Test worker] DEBUG reactor.util.Loggers - Using Slf4j logging framework
]]></system-out>
  <system-err><![CDATA[]]></system-err>
</testsuite>
