<?xml version="1.0" encoding="UTF-8"?>
<testsuite name="CPTask3Tests" tests="1" skipped="0" failures="0" errors="0" timestamp="2023-01-05T10:09:58" hostname="DESKTOP-MPOU9OU" time="8.704">
  <properties/>
  <testcase name="findVideoTest()" classname="CPTask3Tests" time="8.704"/>
  <system-out><![CDATA[12:09:58.352 [Test worker] DEBUG reactor.util.Loggers - Using Slf4j logging framework
]]></system-out>
  <system-err><![CDATA[]]></system-err>
</testsuite>
