<?xml version="1.0" encoding="UTF-8"?>
<testsuite name="CommonOperatorsTask8Tests" tests="1" skipped="0" failures="0" errors="0" timestamp="2023-01-04T12:31:30" hostname="DESKTOP-MPOU9OU" time="0.189">
  <properties/>
  <testcase name="testSolution()" classname="CommonOperatorsTask8Tests" time="0.189"/>
  <system-out><![CDATA[14:31:31.007 [Test worker] DEBUG reactor.util.Loggers - Using Slf4j logging framework
]]></system-out>
  <system-err><![CDATA[]]></system-err>
</testsuite>
