<?xml version="1.0" encoding="UTF-8"?>
<testsuite name="ResilienceTask8Tests" tests="4" skipped="0" failures="0" errors="0" timestamp="2023-01-05T09:15:39" hostname="DESKTOP-MPOU9OU" time="0.301">
  <properties/>
  <testcase name="testSolution()" classname="ResilienceTask8Tests" time="0.216"/>
  <testcase name="testSolution1()" classname="ResilienceTask8Tests" time="0.002"/>
  <testcase name="testSolution2()" classname="ResilienceTask8Tests" time="0.017"/>
  <testcase name="testSolution3()" classname="ResilienceTask8Tests" time="0.063"/>
  <system-out><![CDATA[11:15:39.305 [Test worker] DEBUG reactor.util.Loggers - Using Slf4j logging framework
]]></system-out>
  <system-err><![CDATA[]]></system-err>
</testsuite>
