<?xml version="1.0" encoding="UTF-8"?>
<testsuite name="MultithreadingOperatorsTask3Tests" tests="1" skipped="0" failures="0" errors="0" timestamp="2023-01-05T09:02:07" hostname="DESKTOP-MPOU9OU" time="0.727">
  <properties/>
  <testcase name="testSolution()" classname="MultithreadingOperatorsTask3Tests" time="0.727"/>
  <system-out><![CDATA[11:02:07.711 [Test worker] DEBUG reactor.util.Loggers - Using Slf4j logging framework
]]></system-out>
  <system-err><![CDATA[]]></system-err>
</testsuite>
