<?xml version="1.0" encoding="UTF-8"?>
<testsuite name="CommonOperatorsTask7Tests" tests="1" skipped="0" failures="0" errors="0" timestamp="2023-01-04T12:27:16" hostname="DESKTOP-MPOU9OU" time="0.215">
  <properties/>
  <testcase name="testSolution()" classname="CommonOperatorsTask7Tests" time="0.215"/>
  <system-out><![CDATA[14:27:16.935 [Test worker] DEBUG reactor.util.Loggers - Using Slf4j logging framework
]]></system-out>
  <system-err><![CDATA[]]></system-err>
</testsuite>
