<?xml version="1.0" encoding="UTF-8"?>
<testsuite name="MultipleSourcesTask2Tests" tests="1" skipped="0" failures="0" errors="0" timestamp="2023-01-05T08:57:17" hostname="DESKTOP-MPOU9OU" time="0.236">
  <properties/>
  <testcase name="testSolution()" classname="MultipleSourcesTask2Tests" time="0.236"/>
  <system-out><![CDATA[10:57:17.874 [Test worker] DEBUG reactor.util.Loggers - Using Slf4j logging framework
]]></system-out>
  <system-err><![CDATA[]]></system-err>
</testsuite>
