<?xml version="1.0" encoding="UTF-8"?>
<testsuite name="TestingTask1Tests" tests="1" skipped="0" failures="0" errors="0" timestamp="2023-01-05T08:54:11" hostname="DESKTOP-MPOU9OU" time="0.174">
  <properties/>
  <testcase name="testSolution()" classname="TestingTask1Tests" time="0.174"/>
  <system-out><![CDATA[10:54:11.315 [Test worker] DEBUG reactor.util.Loggers - Using Slf4j logging framework
]]></system-out>
  <system-err><![CDATA[]]></system-err>
</testsuite>
