<?xml version="1.0" encoding="UTF-8"?>
<testsuite name="TestingTask3Tests" tests="1" skipped="0" failures="0" errors="0" timestamp="2023-01-05T08:55:55" hostname="DESKTOP-MPOU9OU" time="0.219">
  <properties/>
  <testcase name="testSolution()" classname="TestingTask3Tests" time="0.219"/>
  <system-out><![CDATA[10:55:55.234 [Test worker] DEBUG reactor.util.Loggers - Using Slf4j logging framework
]]></system-out>
  <system-err><![CDATA[]]></system-err>
</testsuite>
