<?xml version="1.0" encoding="UTF-8"?>
<testsuite name="CPTask4Tests" tests="1" skipped="0" failures="0" errors="0" timestamp="2023-01-05T10:11:33" hostname="DESKTOP-MPOU9OU" time="0.329">
  <properties/>
  <testcase name="uploadTest()" classname="CPTask4Tests" time="0.329"/>
  <system-out><![CDATA[12:11:34.030 [Test worker] DEBUG reactor.util.Loggers - Using Slf4j logging framework
]]></system-out>
  <system-err><![CDATA[]]></system-err>
</testsuite>
