<?xml version="1.0" encoding="UTF-8"?>
<testsuite name="CommonPublishersTask10Tests" tests="2" skipped="0" failures="0" errors="0" timestamp="2023-01-04T12:20:17" hostname="DESKTOP-MPOU9OU" time="0.218">
  <properties/>
  <testcase name="testSolution()" classname="CommonPublishersTask10Tests" time="0.199"/>
  <testcase name="testSolution1()" classname="CommonPublishersTask10Tests" time="0.018"/>
  <system-out><![CDATA[14:20:17.869 [Test worker] DEBUG reactor.util.Loggers - Using Slf4j logging framework
]]></system-out>
  <system-err><![CDATA[]]></system-err>
</testsuite>
