<?xml version="1.0" encoding="UTF-8"?>
<testsuite name="HnSTask4Tests" tests="1" skipped="0" failures="0" errors="0" timestamp="2023-01-05T09:24:18" hostname="DESKTOP-MPOU9OU" time="0.21">
  <properties/>
  <testcase name="testSolution2()" classname="HnSTask4Tests" time="0.21"/>
  <system-out><![CDATA[11:24:18.681 [Test worker] DEBUG reactor.util.Loggers - Using Slf4j logging framework
11:24:18.685 [Test worker] DEBUG reactor.core.publisher.Hooks - Hooking onEachOperator: HnSTask4Tests$$Lambda$342/0x000000010021f008@497486b3
11:24:18.770 [Test worker] DEBUG reactor.core.publisher.Hooks - Reset to factory defaults : onEachOperator
]]></system-out>
  <system-err><![CDATA[]]></system-err>
</testsuite>
