<?xml version="1.0" encoding="UTF-8"?>
<testsuite name="ContextTask3Tests" tests="1" skipped="0" failures="0" errors="0" timestamp="2023-01-05T09:11:55" hostname="DESKTOP-MPOU9OU" time="0.175">
  <properties/>
  <testcase name="testSolution()" classname="ContextTask3Tests" time="0.175"/>
  <system-out><![CDATA[11:11:55.659 [Test worker] DEBUG reactor.util.Loggers - Using Slf4j logging framework
]]></system-out>
  <system-err><![CDATA[]]></system-err>
</testsuite>
