<?xml version="1.0" encoding="UTF-8"?>
<testsuite name="CommonOperatorsTask1Tests" tests="1" skipped="0" failures="0" errors="0" timestamp="2023-01-04T12:21:07" hostname="DESKTOP-MPOU9OU" time="0.165">
  <properties/>
  <testcase name="testResultIsCorrect()" classname="CommonOperatorsTask1Tests" time="0.165"/>
  <system-out><![CDATA[14:21:08.119 [Test worker] DEBUG reactor.util.Loggers - Using Slf4j logging framework
]]></system-out>
  <system-err><![CDATA[]]></system-err>
</testsuite>
