<?xml version="1.0" encoding="UTF-8"?>
<testsuite name="CommonPublishersTask2Tests" tests="1" skipped="0" failures="0" errors="0" timestamp="2023-01-04T12:15:26" hostname="DESKTOP-MPOU9OU" time="0.583">
  <properties/>
  <testcase name="testSolution()" classname="CommonPublishersTask2Tests" time="0.583"/>
  <system-out><![CDATA[14:15:26.714 [Test worker] DEBUG reactor.util.Loggers - Using Slf4j logging framework
]]></system-out>
  <system-err><![CDATA[]]></system-err>
</testsuite>
