<?xml version="1.0" encoding="UTF-8"?>
<testsuite name="CommonOperatorsTask9Tests" tests="1" skipped="0" failures="0" errors="0" timestamp="2023-01-04T12:33:00" hostname="DESKTOP-MPOU9OU" time="0.728">
  <properties/>
  <testcase name="testSolution()" classname="CommonOperatorsTask9Tests" time="0.728"/>
  <system-out><![CDATA[14:33:00.314 [Test worker] DEBUG reactor.util.Loggers - Using Slf4j logging framework
]]></system-out>
  <system-err><![CDATA[]]></system-err>
</testsuite>
