<?xml version="1.0" encoding="UTF-8"?>
<testsuite name="MultipleSourcesTask3Tests" tests="1" skipped="0" failures="0" errors="0" timestamp="2023-01-05T08:57:45" hostname="DESKTOP-MPOU9OU" time="0.202">
  <properties/>
  <testcase name="testSolution()" classname="MultipleSourcesTask3Tests" time="0.202"/>
  <system-out><![CDATA[10:57:45.954 [Test worker] DEBUG reactor.util.Loggers - Using Slf4j logging framework
]]></system-out>
  <system-err><![CDATA[]]></system-err>
</testsuite>
