<?xml version="1.0" encoding="UTF-8"?>
<testsuite name="MultipleSourcesTask5Tests" tests="1" skipped="0" failures="0" errors="0" timestamp="2023-01-05T08:58:57" hostname="DESKTOP-MPOU9OU" time="0.194">
  <properties/>
  <testcase name="testSolution()" classname="MultipleSourcesTask5Tests" time="0.194"/>
  <system-out><![CDATA[10:58:57.303 [Test worker] DEBUG reactor.util.Loggers - Using Slf4j logging framework
]]></system-out>
  <system-err><![CDATA[]]></system-err>
</testsuite>
