<?xml version="1.0" encoding="UTF-8"?>
<testsuite name="CommonOperatorsTask4Tests" tests="1" skipped="0" failures="0" errors="0" timestamp="2023-01-04T12:22:51" hostname="DESKTOP-MPOU9OU" time="0.147">
  <properties/>
  <testcase name="testSolution()" classname="CommonOperatorsTask4Tests" time="0.147"/>
  <system-out><![CDATA[14:22:51.174 [Test worker] DEBUG reactor.util.Loggers - Using Slf4j logging framework
]]></system-out>
  <system-err><![CDATA[]]></system-err>
</testsuite>
