<?xml version="1.0" encoding="UTF-8"?>
<testsuite name="service.impl.TradeServiceTests" tests="1" skipped="0" failures="0" errors="0" timestamp="2023-01-05T22:54:51" hostname="DESKTOP-MPOU9OU" time="0.708">
  <properties/>
  <testcase name="tradeServiceTest()" classname="service.impl.TradeServiceTests" time="0.708"/>
  <system-out><![CDATA[00:54:51.143 [Test worker] DEBUG reactor.util.Loggers - Using Slf4j logging framework
00:54:51.709 [Test worker] WARN trade-service - .buffer(Duration.ofMillis(100)) onNext([])
00:54:51.712 [Test worker] WARN trade-service - .buffer(Duration.ofMillis(100)) onNext([Trade{id=1, timestamp=1, price=1.0, amount=1.0, currency='test', market='test'}, Trade{id=2, timestamp=1, price=1.0, amount=1.0, currency='test', market='test'}, Trade{id=3, timestamp=1, price=1.0, amount=1.0, currency='test', market='test'}, Trade{id=4, timestamp=1, price=1.0, amount=1.0, currency='test', market='test'}])
00:54:51.778 [Test worker] WARN trade-service - .buffer(Duration.ofMillis(100)) onNext([])
00:54:51.778 [Test worker] WARN trade-service - .buffer(Duration.ofMillis(100)) onNext([Trade{id=1, timestamp=1, price=1.0, amount=1.0, currency='test', market='test'}, Trade{id=2, timestamp=1, price=1.0, amount=1.0, currency='test', market='test'}, Trade{id=3, timestamp=1, price=1.0, amount=1.0, currency='test', market='test'}, Trade{id=4, timestamp=1, price=1.0, amount=1.0, currency='test', market='test'}])
00:54:51.779 [Test worker] WARN trade-service - .buffer(Duration.ofMillis(100)) onNext([])
00:54:51.782 [Test worker] WARN trade-service - .buffer(Duration.ofMillis(100)) onNext([])
00:54:51.785 [Test worker] WARN trade-service - .buffer(Duration.ofMillis(100)) onNext([Trade{id=5, timestamp=1, price=1.0, amount=1.0, currency='test', market='test'}, Trade{id=6, timestamp=1, price=1.0, amount=1.0, currency='test', market='test'}, Trade{id=7, timestamp=1, price=1.0, amount=1.0, currency='test', market='test'}, Trade{id=8, timestamp=1, price=1.0, amount=1.0, currency='test', market='test'}, Trade{id=9, timestamp=1, price=1.0, amount=1.0, currency='test', market='test'}, Trade{id=10, timestamp=1, price=1.0, amount=1.0, currency='test', market='test'}, Trade{id=11, timestamp=1, price=1.0, amount=1.0, currency='test', market='test'}, Trade{id=12, timestamp=1, price=1.0, amount=1.0, currency='test', market='test'}])
00:54:51.786 [Test worker] WARN trade-service - .buffer(Duration.ofMillis(100)) onNext([])
]]></system-out>
  <system-err><![CDATA[]]></system-err>
</testsuite>
