<?xml version="1.0" encoding="UTF-8"?>
<testsuite name="BackpressureTask2Tests" tests="1" skipped="0" failures="0" errors="0" timestamp="2023-01-05T09:07:34" hostname="DESKTOP-MPOU9OU" time="0.171">
  <properties/>
  <testcase name="testSolution()" classname="BackpressureTask2Tests" time="0.171"/>
  <system-out><![CDATA[11:07:34.325 [Test worker] DEBUG reactor.util.Loggers - Using Slf4j logging framework
]]></system-out>
  <system-err><![CDATA[]]></system-err>
</testsuite>
