<?xml version="1.0" encoding="UTF-8"?>
<testsuite name="MultithreadingOperatorsTask1Tests" tests="1" skipped="0" failures="0" errors="0" timestamp="2023-01-05T09:01:23" hostname="DESKTOP-MPOU9OU" time="0.218">
  <properties/>
  <testcase name="mergeSeveralSourcesTest()" classname="MultithreadingOperatorsTask1Tests" time="0.218"/>
  <system-out><![CDATA[11:01:23.714 [Test worker] DEBUG reactor.util.Loggers - Using Slf4j logging framework
]]></system-out>
  <system-err><![CDATA[]]></system-err>
</testsuite>
