<?xml version="1.0" encoding="UTF-8"?>
<testsuite name="ResilienceTask1Tests" tests="2" skipped="0" failures="0" errors="0" timestamp="2023-01-05T09:12:38" hostname="DESKTOP-MPOU9OU" time="0.157">
  <properties/>
  <testcase name="test1()" classname="ResilienceTask1Tests" time="0.152"/>
  <testcase name="test2()" classname="ResilienceTask1Tests" time="0.004"/>
  <system-out><![CDATA[11:12:38.537 [Test worker] DEBUG reactor.util.Loggers - Using Slf4j logging framework
]]></system-out>
  <system-err><![CDATA[]]></system-err>
</testsuite>
