<?xml version="1.0" encoding="UTF-8"?>
<testsuite name="BackpressureTask5Tests" tests="1" skipped="0" failures="0" errors="0" timestamp="2023-01-05T09:10:16" hostname="DESKTOP-MPOU9OU" time="0.304">
  <properties/>
  <testcase name="testSolution()" classname="BackpressureTask5Tests" time="0.304"/>
  <system-out><![CDATA[11:10:17.068 [Test worker] DEBUG reactor.util.Loggers - Using Slf4j logging framework
]]></system-out>
  <system-err><![CDATA[]]></system-err>
</testsuite>
