<?xml version="1.0" encoding="UTF-8"?>
<testsuite name="MultipleSourcesTask8Tests" tests="1" skipped="0" failures="0" errors="0" timestamp="2023-01-05T09:00:27" hostname="DESKTOP-MPOU9OU" time="0.22">
  <properties/>
  <testcase name="testSolution()" classname="MultipleSourcesTask8Tests" time="0.22"/>
  <system-out><![CDATA[11:00:27.647 [Test worker] DEBUG reactor.util.Loggers - Using Slf4j logging framework
]]></system-out>
  <system-err><![CDATA[]]></system-err>
</testsuite>
