<?xml version="1.0" encoding="UTF-8"?>
<testsuite name="CommonOperatorsTask11Tests" tests="1" skipped="0" failures="0" errors="0" timestamp="2023-01-05T08:53:20" hostname="DESKTOP-MPOU9OU" time="0.223">
  <properties/>
  <testcase name="testSolution()" classname="CommonOperatorsTask11Tests" time="0.223"/>
  <system-out><![CDATA[10:53:21.104 [Test worker] DEBUG reactor.util.Loggers - Using Slf4j logging framework
]]></system-out>
  <system-err><![CDATA[]]></system-err>
</testsuite>
