<?xml version="1.0" encoding="UTF-8"?>
<testsuite name="BackpressureTask3Tests" tests="1" skipped="0" failures="0" errors="0" timestamp="2023-01-05T09:08:03" hostname="DESKTOP-MPOU9OU" time="0.19">
  <properties/>
  <testcase name="testSolution()" classname="BackpressureTask3Tests" time="0.19"/>
  <system-out><![CDATA[11:08:03.958 [Test worker] DEBUG reactor.util.Loggers - Using Slf4j logging framework
]]></system-out>
  <system-err><![CDATA[]]></system-err>
</testsuite>
