<?xml version="1.0" encoding="UTF-8"?>
<testsuite name="ContextTask2Tests" tests="1" skipped="0" failures="0" errors="0" timestamp="2023-01-05T09:11:30" hostname="DESKTOP-MPOU9OU" time="0.194">
  <properties/>
  <testcase name="testSolution()" classname="ContextTask2Tests" time="0.194"/>
  <system-out><![CDATA[11:11:30.974 [Test worker] DEBUG reactor.util.Loggers - Using Slf4j logging framework
]]></system-out>
  <system-err><![CDATA[]]></system-err>
</testsuite>
