<?xml version="1.0" encoding="UTF-8"?>
<testsuite name="MultipleSourcesTask1Tests" tests="1" skipped="0" failures="0" errors="0" timestamp="2023-01-05T08:56:56" hostname="DESKTOP-MPOU9OU" time="0.191">
  <properties/>
  <testcase name="mergeSeveralSourcesTest()" classname="MultipleSourcesTask1Tests" time="0.191"/>
  <system-out><![CDATA[10:56:56.128 [Test worker] DEBUG reactor.util.Loggers - Using Slf4j logging framework
]]></system-out>
  <system-err><![CDATA[]]></system-err>
</testsuite>
