<?xml version="1.0" encoding="UTF-8"?>
<testsuite name="DLMTask2Tests" tests="1" skipped="0" failures="0" errors="0" timestamp="2023-01-05T10:02:54" hostname="DESKTOP-MPOU9OU" time="0.339">
  <properties/>
  <testcase name="testSolution()" classname="DLMTask2Tests" time="0.339"/>
  <system-out><![CDATA[12:02:54.590 [Test worker] DEBUG reactor.util.Loggers - Using Slf4j logging framework
12:02:54.594 [Test worker] DEBUG reactor.core.publisher.Hooks - Hooking onEachOperator: DLMTask2Tests$$Lambda$342/0x0000000100219938@5f0e9815
12:02:54.687 [Test worker] INFO bye - | onSubscribe([Fuseable] FluxPublishOn.PublishOnSubscriber)
12:02:54.690 [Test worker] INFO bye - | request(unbounded)
12:02:54.696 [parallel-1] INFO hello - request(256)
12:02:54.715 [single-1] INFO bye - | onNext(0)
12:02:54.731 [single-1] INFO bye - | onNext(1)
12:02:54.731 [single-1] INFO bye - | onNext(2)
12:02:54.746 [single-1] INFO bye - | onNext(3)
12:02:54.762 [single-1] INFO bye - | onNext(4)
12:02:54.762 [single-1] INFO bye - | onNext(5)
12:02:54.778 [single-1] INFO bye - | onNext(6)
12:02:54.778 [single-1] INFO bye - | onNext(7)
12:02:54.793 [single-1] INFO bye - | onNext(8)
12:02:54.809 [single-1] INFO bye - | onNext(9)
12:02:54.810 [single-1] INFO bye - | cancel()
12:02:54.864 [Test worker] DEBUG reactor.core.publisher.Hooks - Reset to factory defaults : onEachOperator
]]></system-out>
  <system-err><![CDATA[]]></system-err>
</testsuite>
