<?xml version="1.0" encoding="UTF-8"?>
<testsuite name="CPTask2Tests" tests="1" skipped="0" failures="0" errors="0" timestamp="2023-01-05T10:08:20" hostname="DESKTOP-MPOU9OU" time="2.362">
  <properties/>
  <testcase name="findVideoTest()" classname="CPTask2Tests" time="2.362"/>
  <system-out><![CDATA[12:08:20.967 [Test worker] DEBUG reactor.util.Loggers - Using Slf4j logging framework
]]></system-out>
  <system-err><![CDATA[]]></system-err>
</testsuite>
