<?xml version="1.0" encoding="UTF-8"?>
<testsuite name="ResilienceTask4Tests" tests="1" skipped="0" failures="0" errors="0" timestamp="2023-01-05T09:13:53" hostname="DESKTOP-MPOU9OU" time="0.211">
  <properties/>
  <testcase name="testSolution()" classname="ResilienceTask4Tests" time="0.211"/>
  <system-out><![CDATA[11:13:54.004 [Test worker] DEBUG reactor.util.Loggers - Using Slf4j logging framework
]]></system-out>
  <system-err><![CDATA[]]></system-err>
</testsuite>
