<?xml version="1.0" encoding="UTF-8"?>
<testsuite name="ResilienceTask5Tests" tests="1" skipped="0" failures="0" errors="0" timestamp="2023-01-05T09:14:16" hostname="DESKTOP-MPOU9OU" time="1.234">
  <properties/>
  <testcase name="testSolution()" classname="ResilienceTask5Tests" time="1.234"/>
  <system-out><![CDATA[11:14:16.763 [Test worker] DEBUG reactor.util.Loggers - Using Slf4j logging framework
]]></system-out>
  <system-err><![CDATA[]]></system-err>
</testsuite>
