<?xml version="1.0" encoding="UTF-8"?>
<testsuite name="ResilienceTask3Tests" tests="1" skipped="0" failures="0" errors="0" timestamp="2023-01-05T09:13:29" hostname="DESKTOP-MPOU9OU" time="0.967">
  <properties/>
  <testcase name="testSolution()" classname="ResilienceTask3Tests" time="0.967"/>
  <system-out><![CDATA[11:13:29.991 [Test worker] DEBUG reactor.util.Loggers - Using Slf4j logging framework
]]></system-out>
  <system-err><![CDATA[]]></system-err>
</testsuite>
