<?xml version="1.0" encoding="UTF-8"?>
<testsuite name="CommonPublishersTask5Tests" tests="1" skipped="0" failures="0" errors="0" timestamp="2023-01-04T12:17:45" hostname="DESKTOP-MPOU9OU" time="0.116">
  <properties/>
  <testcase name="testSolution()" classname="CommonPublishersTask5Tests" time="0.116"/>
  <system-out><![CDATA[14:17:45.748 [Test worker] DEBUG reactor.util.Loggers - Using Slf4j logging framework
]]></system-out>
  <system-err><![CDATA[]]></system-err>
</testsuite>
