<?xml version="1.0" encoding="UTF-8"?>
<testsuite name="HnSTask3Tests" tests="1" skipped="0" failures="0" errors="0" timestamp="2023-01-05T09:23:57" hostname="DESKTOP-MPOU9OU" time="0.148">
  <properties/>
  <testcase name="testSolution()" classname="HnSTask3Tests" time="0.148"/>
  <system-out><![CDATA[11:23:57.321 [Test worker] DEBUG reactor.util.Loggers - Using Slf4j logging framework
]]></system-out>
  <system-err><![CDATA[]]></system-err>
</testsuite>
