<?xml version="1.0" encoding="UTF-8"?>
<testsuite name="ResilienceTask7Tests" tests="1" skipped="0" failures="0" errors="0" timestamp="2023-01-05T09:15:14" hostname="DESKTOP-MPOU9OU" time="0.189">
  <properties/>
  <testcase name="testSolution()" classname="ResilienceTask7Tests" time="0.189"/>
  <system-out><![CDATA[11:15:15.039 [Test worker] DEBUG reactor.util.Loggers - Using Slf4j logging framework
]]></system-out>
  <system-err><![CDATA[]]></system-err>
</testsuite>
