<?xml version="1.0" encoding="UTF-8"?>
<testsuite name="CommonOperatorsTask10Tests" tests="1" skipped="0" failures="0" errors="0" timestamp="2023-01-04T12:33:27" hostname="DESKTOP-MPOU9OU" time="0.27">
  <properties/>
  <testcase name="testSolution()" classname="CommonOperatorsTask10Tests" time="0.27"/>
  <system-out><![CDATA[14:33:27.245 [Test worker] DEBUG reactor.util.Loggers - Using Slf4j logging framework
]]></system-out>
  <system-err><![CDATA[]]></system-err>
</testsuite>
