<?xml version="1.0" encoding="UTF-8"?>
<testsuite name="ResilienceTask2Tests" tests="3" skipped="0" failures="0" errors="0" timestamp="2023-01-05T09:12:59" hostname="DESKTOP-MPOU9OU" time="0.159">
  <properties/>
  <testcase name="testSolution()" classname="ResilienceTask2Tests" time="0.154"/>
  <testcase name="testSolution1()" classname="ResilienceTask2Tests" time="0.001"/>
  <testcase name="testSolution2()" classname="ResilienceTask2Tests" time="0.002"/>
  <system-out><![CDATA[11:12:59.986 [Test worker] DEBUG reactor.util.Loggers - Using Slf4j logging framework
]]></system-out>
  <system-err><![CDATA[]]></system-err>
</testsuite>
